[35m[1mConsolidate compiler generated dependencies of target mpu6500_publisher[0m
[ 25%] [32mBuilding CXX object CMakeFiles/mpu6500_publisher.dir/src/mpu6500_publisher.cpp.o[0m
[01m[K/RoboSub_2026/src/mpu6500_ros/src/mpu6500_publisher.cpp:[m[K In member function â€˜[01m[Kint MPU6500Publisher::initialize_mpu6500()[m[Kâ€™:
[01m[K/RoboSub_2026/src/mpu6500_ros/src/mpu6500_publisher.cpp:151:46:[m[K [01;31m[Kerror: [m[Kâ€˜[01m[KMPU6500_CLOCK_PLL_GYRO_X_REFERENCE[m[Kâ€™ was not declared in this scope
  151 |         result = mpu6500_set_clock(&handle_, [01;31m[KMPU6500_CLOCK_PLL_GYRO_X_REFERENCE[m[K);
      |                                              [01;31m[K^~~~~~~~~~~~~~~~~~~~~~~~~~~~~~~~~~[m[K
[01m[K/RoboSub_2026/src/mpu6500_ros/src/mpu6500_publisher.cpp:151:18:[m[K [01;31m[Kerror: [m[Kâ€˜[01m[Kmpu6500_set_clock[m[Kâ€™ was not declared in this scope; did you mean â€˜[01m[Kmpu6500_set_sleep[m[Kâ€™?
  151 |         result = [01;31m[Kmpu6500_set_clock[m[K(&handle_, MPU6500_CLOCK_PLL_GYRO_X_REFERENCE);
      |                  [01;31m[K^~~~~~~~~~~~~~~~~[m[K
      |                  [32m[Kmpu6500_set_sleep[m[K
gmake[2]: *** [CMakeFiles/mpu6500_publisher.dir/build.make:76: CMakeFiles/mpu6500_publisher.dir/src/mpu6500_publisher.cpp.o] Error 1
gmake[1]: *** [CMakeFiles/Makefile2:137: CMakeFiles/mpu6500_publisher.dir/all] Error 2
gmake: *** [Makefile:146: all] Error 2
