[0.022s] Invoking command in '/RoboSub_2026/build/mpu6500_ros': CMAKE_PREFIX_PATH=${CMAKE_PREFIX_PATH}:/opt/ros/humble /usr/bin/cmake --build /RoboSub_2026/build/mpu6500_ros -- -j6 -l6
[0.104s] [35m[1mConsolidate compiler generated dependencies of target mpu6500_publisher[0m
[0.146s] [ 25%] [32mBuilding CXX object CMakeFiles/mpu6500_publisher.dir/src/mpu6500_publisher.cpp.o[0m
[5.374s] [01m[K/RoboSub_2026/src/mpu6500_ros/src/mpu6500_publisher.cpp:[m[K In member function â€˜[01m[Kint MPU6500Publisher::initialize_mpu6500()[m[Kâ€™:
[5.374s] [01m[K/RoboSub_2026/src/mpu6500_ros/src/mpu6500_publisher.cpp:151:46:[m[K [01;31m[Kerror: [m[Kâ€˜[01m[KMPU6500_CLOCK_PLL_GYRO_X_REFERENCE[m[Kâ€™ was not declared in this scope
[5.374s]   151 |         result = mpu6500_set_clock(&handle_, [01;31m[KMPU6500_CLOCK_PLL_GYRO_X_REFERENCE[m[K);
[5.375s]       |                                              [01;31m[K^~~~~~~~~~~~~~~~~~~~~~~~~~~~~~~~~~[m[K
[5.391s] [01m[K/RoboSub_2026/src/mpu6500_ros/src/mpu6500_publisher.cpp:151:18:[m[K [01;31m[Kerror: [m[Kâ€˜[01m[Kmpu6500_set_clock[m[Kâ€™ was not declared in this scope; did you mean â€˜[01m[Kmpu6500_set_sleep[m[Kâ€™?
[5.391s]   151 |         result = [01;31m[Kmpu6500_set_clock[m[K(&handle_, MPU6500_CLOCK_PLL_GYRO_X_REFERENCE);
[5.391s]       |                  [01;31m[K^~~~~~~~~~~~~~~~~[m[K
[5.391s]       |                  [32m[Kmpu6500_set_sleep[m[K
[7.562s] gmake[2]: *** [CMakeFiles/mpu6500_publisher.dir/build.make:76: CMakeFiles/mpu6500_publisher.dir/src/mpu6500_publisher.cpp.o] Error 1
[7.563s] gmake[1]: *** [CMakeFiles/Makefile2:137: CMakeFiles/mpu6500_publisher.dir/all] Error 2
[7.563s] gmake: *** [Makefile:146: all] Error 2
[7.570s] Invoked command in '/RoboSub_2026/build/mpu6500_ros' returned '2': CMAKE_PREFIX_PATH=${CMAKE_PREFIX_PATH}:/opt/ros/humble /usr/bin/cmake --build /RoboSub_2026/build/mpu6500_ros -- -j6 -l6
