[35m[1mConsolidate compiler generated dependencies of target mpu6500_publisher[0m
[ 25%] [32mBuilding C object CMakeFiles/mpu6500_publisher.dir/RoboSub_2026/src/mpu6500_driver/src/driver_mpu6500_interface.c.o[0m
[01m[K/RoboSub_2026/src/mpu6500_driver/src/driver_mpu6500_interface.c:[m[K In function â€˜[01m[Kmpu6500_interface_iic_read[m[Kâ€™:
[01m[K/RoboSub_2026/src/mpu6500_driver/src/driver_mpu6500_interface.c:46:23:[m[K [01;31m[Kerror: [m[Kâ€˜[01m[Kaddr_7bit[m[Kâ€™ undeclared (first use in this function)
   46 |            len, addr, [01;31m[Kaddr_7bit[m[K, reg);
      |                       [01;31m[K^~~~~~~~~[m[K
[01m[K/RoboSub_2026/src/mpu6500_driver/src/driver_mpu6500_interface.c:46:23:[m[K [01;36m[Knote: [m[Keach undeclared identifier is reported only once for each function it appears in
gmake[2]: *** [CMakeFiles/mpu6500_publisher.dir/build.make:104: CMakeFiles/mpu6500_publisher.dir/RoboSub_2026/src/mpu6500_driver/src/driver_mpu6500_interface.c.o] Error 1
gmake[1]: *** [CMakeFiles/Makefile2:137: CMakeFiles/mpu6500_publisher.dir/all] Error 2
gmake: *** [Makefile:146: all] Error 2
