[0.027s] Invoking command in '/RoboSub_2026/build/mpu6500_ros': CMAKE_PREFIX_PATH=${CMAKE_PREFIX_PATH}:/opt/ros/humble /usr/bin/cmake --build /RoboSub_2026/build/mpu6500_ros -- -j6 -l6
[0.108s] [35m[1mConsolidate compiler generated dependencies of target mpu6500_publisher[0m
[0.149s] [ 25%] [32mBuilding C object CMakeFiles/mpu6500_publisher.dir/RoboSub_2026/src/mpu6500_driver/src/driver_mpu6500_interface.c.o[0m
[0.149s] [ 50%] [32mBuilding CXX object CMakeFiles/mpu6500_publisher.dir/src/mpu6500_publisher.cpp.o[0m
[5.377s] [01m[K/RoboSub_2026/src/mpu6500_ros/src/mpu6500_publisher.cpp:[m[K In member function â€˜[01m[Kvoid MPU6500Publisher::timer_callback()[m[Kâ€™:
[5.378s] [01m[K/RoboSub_2026/src/mpu6500_ros/src/mpu6500_publisher.cpp:117:49:[m[K [01;31m[Kerror: [m[Kcannot convert â€˜[01m[Kint16_t*[m[Kâ€™ {aka â€˜[01m[Kshort int*[m[Kâ€™} to â€˜[01m[Kint16_t (*)[3][m[Kâ€™ {aka â€˜[01m[Kshort int (*)[3][m[Kâ€™}
[5.378s]   117 |         uint8_t result = mpu6500_read(&handle_, [01;31m[Kaccel_raw[m[K, gyro_raw, &temp_raw);
[5.378s]       |                                                 [01;31m[K^~~~~~~~~[m[K
[5.378s]       |                                                 [01;31m[K|[m[K
[5.379s]       |                                                 [01;31m[Kint16_t* {aka short int*}[m[K
[5.379s] In file included from [01m[K/RoboSub_2026/src/mpu6500_ros/src/mpu6500_publisher.cpp:10[m[K:
[5.380s] [01m[K/RoboSub_2026/src/mpu6500_ros/../mpu6500_driver/inc/driver_mpu6500.h:721:32:[m[K [01;36m[Knote: [m[K  initializing argument 2 of â€˜[01m[Kuint8_t mpu6500_read(mpu6500_handle_t*, int16_t (*)[3], float (*)[3], int16_t (*)[3], float (*)[3], uint16_t*)[m[Kâ€™
[5.380s]   721 |                      [01;36m[Kint16_t (*accel_raw)[3][m[K, float (*accel_g)[3],
[5.380s]       |                      [01;36m[K~~~~~~~~~~^~~~~~~~~~~~~[m[K
[5.401s] [01m[K/RoboSub_2026/src/mpu6500_ros/src/mpu6500_publisher.cpp:124:13:[m[K [01;31m[Kerror: [m[Kâ€˜[01m[Kmpu6500_accelerometer_raw_to_g[m[Kâ€™ was not declared in this scope; did you mean â€˜[01m[Kmpu6500_accelerometer_range_t[m[Kâ€™?
[5.402s]   124 |         if ([01;31m[Kmpu6500_accelerometer_raw_to_g[m[K(&handle_, accel_raw, accel_g) != 0) {
[5.402s]       |             [01;31m[K^~~~~~~~~~~~~~~~~~~~~~~~~~~~~~[m[K
[5.402s]       |             [32m[Kmpu6500_accelerometer_range_t[m[K
[5.426s] [01m[K/RoboSub_2026/src/mpu6500_ros/src/mpu6500_publisher.cpp:129:13:[m[K [01;31m[Kerror: [m[Kâ€˜[01m[Kmpu6500_gyroscope_raw_to_dps[m[Kâ€™ was not declared in this scope; did you mean â€˜[01m[Kmpu6500_gyroscope_range_t[m[Kâ€™?
[5.426s]   129 |         if ([01;31m[Kmpu6500_gyroscope_raw_to_dps[m[K(&handle_, gyro_raw, gyro_dps) != 0) {
[5.427s]       |             [01;31m[K^~~~~~~~~~~~~~~~~~~~~~~~~~~~[m[K
[5.427s]       |             [32m[Kmpu6500_gyroscope_range_t[m[K
[5.456s] [01m[K/RoboSub_2026/src/mpu6500_ros/src/mpu6500_publisher.cpp:134:13:[m[K [01;31m[Kerror: [m[Kâ€˜[01m[Kmpu6500_temperature_raw_to_celsius[m[Kâ€™ was not declared in this scope
[5.456s]   134 |         if ([01;31m[Kmpu6500_temperature_raw_to_celsius[m[K(&handle_, temp_raw, &temperature) != 0) {
[5.457s]       |             [01;31m[K^~~~~~~~~~~~~~~~~~~~~~~~~~~~~~~~~~[m[K
[5.460s] [01m[K/RoboSub_2026/src/mpu6500_ros/src/mpu6500_publisher.cpp:[m[K In member function â€˜[01m[Kvoid MPU6500Publisher::publish_imu_data(float*, float*, float, rclcpp::Time)[m[Kâ€™:
[5.460s] [01m[K/RoboSub_2026/src/mpu6500_ros/src/mpu6500_publisher.cpp:145:64:[m[K [01;35m[Kwarning: [m[Kunused parameter â€˜[01m[Ktemp[m[Kâ€™ [[01;35m[K]8;;https://gcc.gnu.org/onlinedocs/gcc/Warning-Options.html#index-Wunused-parameter-Wunused-parameter]8;;[m[K]
[5.460s]   145 |     void publish_imu_data(float accel[3], float gyro[3], [01;35m[Kfloat temp[m[K, rclcpp::Time timestamp)
[5.460s]       |                                                          [01;35m[K~~~~~~^~~~[m[K
[7.623s] gmake[2]: *** [CMakeFiles/mpu6500_publisher.dir/build.make:76: CMakeFiles/mpu6500_publisher.dir/src/mpu6500_publisher.cpp.o] Error 1
[7.623s] gmake[1]: *** [CMakeFiles/Makefile2:137: CMakeFiles/mpu6500_publisher.dir/all] Error 2
[7.624s] gmake: *** [Makefile:146: all] Error 2
[7.631s] Invoked command in '/RoboSub_2026/build/mpu6500_ros' returned '2': CMAKE_PREFIX_PATH=${CMAKE_PREFIX_PATH}:/opt/ros/humble /usr/bin/cmake --build /RoboSub_2026/build/mpu6500_ros -- -j6 -l6
