[0.027s] Invoking command in '/RoboSub_2026/build/mpu6500_ros': CMAKE_PREFIX_PATH=${CMAKE_PREFIX_PATH}:/opt/ros/humble /usr/bin/cmake --build /RoboSub_2026/build/mpu6500_ros -- -j6 -l6
[0.074s] -- Found ament_cmake: 1.3.11 (/opt/ros/humble/share/ament_cmake/cmake)
[0.351s] -- Found rclcpp: 16.0.12 (/opt/ros/humble/share/rclcpp/cmake)
[0.410s] -- Found rosidl_generator_c: 3.1.6 (/opt/ros/humble/share/rosidl_generator_c/cmake)
[0.415s] -- Found rosidl_adapter: 3.1.6 (/opt/ros/humble/share/rosidl_adapter/cmake)
[0.427s] -- Found rosidl_generator_cpp: 3.1.6 (/opt/ros/humble/share/rosidl_generator_cpp/cmake)
[0.445s] -- Using all available rosidl_typesupport_c: rosidl_typesupport_fastrtps_c;rosidl_typesupport_introspection_c
[0.469s] -- Using all available rosidl_typesupport_cpp: rosidl_typesupport_fastrtps_cpp;rosidl_typesupport_introspection_cpp
[0.530s] -- Found rmw_implementation_cmake: 6.1.2 (/opt/ros/humble/share/rmw_implementation_cmake/cmake)
[0.533s] -- Found rmw_fastrtps_cpp: 6.2.7 (/opt/ros/humble/share/rmw_fastrtps_cpp/cmake)
[0.726s] -- Using RMW implementation 'rmw_fastrtps_cpp' as default
[0.819s] -- Found sensor_msgs: 4.8.0 (/opt/ros/humble/share/sensor_msgs/cmake)
[1.009s] -- Configuring done
[1.034s] -- Generating done
[1.043s] -- Build files have been written to: /RoboSub_2026/build/mpu6500_ros
[1.099s] [35m[1mConsolidate compiler generated dependencies of target mpu6500_publisher[0m
[1.142s] [ 40%] [32mBuilding C object CMakeFiles/mpu6500_publisher.dir/RoboSub_2026/src/mpu6500_driver/src/driver_mpu6500.c.o[0m
[1.143s] [ 40%] [32mBuilding C object CMakeFiles/mpu6500_publisher.dir/RoboSub_2026/src/mpu6500_driver/example/driver_mpu6500_basic.c.o[0m
[1.143s] [ 60%] [32mBuilding CXX object CMakeFiles/mpu6500_publisher.dir/src/mpu6500_publisher.cpp.o[0m
[1.143s] [ 80%] [32mBuilding C object CMakeFiles/mpu6500_publisher.dir/RoboSub_2026/src/mpu6500_driver/src/driver_mpu6500_interface.c.o[0m
[1.184s] In file included from [01m[K/RoboSub_2026/src/mpu6500_driver/example/driver_mpu6500_basic.c:37[m[K:
[1.185s] [01m[K/RoboSub_2026/src/mpu6500_driver/example/driver_mpu6500_basic.h:96:28:[m[K [01;31m[Kerror: [m[Kunknown type name â€˜[01m[Kmpu6500_interface_t[m[Kâ€™
[1.186s]    96 | uint8_t mpu6500_basic_init([01;31m[Kmpu6500_interface_t[m[K interface, mpu6500_address_t addr_pin);
[1.186s]       |                            [01;31m[K^~~~~~~~~~~~~~~~~~~[m[K
[1.188s] [01m[K/RoboSub_2026/src/mpu6500_driver/example/driver_mpu6500_basic.h:96:59:[m[K [01;31m[Kerror: [m[Kunknown type name â€˜[01m[Kmpu6500_address_t[m[Kâ€™
[1.188s]    96 | uint8_t mpu6500_basic_init(mpu6500_interface_t interface, [01;31m[Kmpu6500_address_t[m[K addr_pin);
[1.188s]       |                                                           [01;31m[K^~~~~~~~~~~~~~~~~[m[K
[1.188s] [01m[K/RoboSub_2026/src/mpu6500_driver/example/driver_mpu6500_basic.c:39:8:[m[K [01;31m[Kerror: [m[Kunknown type name â€˜[01m[Kmpu6500_handle_t[m[Kâ€™
[1.190s]    39 | static [01;31m[Kmpu6500_handle_t[m[K gs_handle;        /**< mpu6500 handle */
[1.191s]       |        [01;31m[K^~~~~~~~~~~~~~~~[m[K
[1.191s] [01m[K/RoboSub_2026/src/mpu6500_driver/example/driver_mpu6500_basic.c:50:28:[m[K [01;31m[Kerror: [m[Kunknown type name â€˜[01m[Kmpu6500_interface_t[m[Kâ€™
[1.191s]    50 | uint8_t mpu6500_basic_init([01;31m[Kmpu6500_interface_t[m[K interface, mpu6500_address_t addr_pin)
[1.191s]       |                            [01;31m[K^~~~~~~~~~~~~~~~~~~[m[K
[1.191s] [01m[K/RoboSub_2026/src/mpu6500_driver/example/driver_mpu6500_basic.c:50:59:[m[K [01;31m[Kerror: [m[Kunknown type name â€˜[01m[Kmpu6500_address_t[m[Kâ€™
[1.191s]    50 | uint8_t mpu6500_basic_init(mpu6500_interface_t interface, [01;31m[Kmpu6500_address_t[m[K addr_pin)
[1.192s]       |                                                           [01;31m[K^~~~~~~~~~~~~~~~~[m[K
[1.192s] [01m[K/RoboSub_2026/src/mpu6500_driver/example/driver_mpu6500_basic.c:[m[K In function â€˜[01m[Kmpu6500_basic_read_temperature[m[Kâ€™:
[1.192s] [01m[K/RoboSub_2026/src/mpu6500_driver/example/driver_mpu6500_basic.c:618:9:[m[K [01;35m[Kwarning: [m[Kimplicit declaration of function â€˜[01m[Kmpu6500_read_temperature[m[Kâ€™; did you mean â€˜[01m[Kmpu6500_basic_read_temperature[m[Kâ€™? [[01;35m[K]8;;https://gcc.gnu.org/onlinedocs/gcc/Warning-Options.html#index-Wimplicit-function-declaration-Wimplicit-function-declaration]8;;[m[K]
[1.192s]   618 |     if ([01;35m[Kmpu6500_read_temperature[m[K(&gs_handle, &raw, degrees) != 0)
[1.192s]       |         [01;35m[K^~~~~~~~~~~~~~~~~~~~~~~~[m[K
[1.193s]       |         [32m[Kmpu6500_basic_read_temperature[m[K
[1.193s] [01m[K/RoboSub_2026/src/mpu6500_driver/example/driver_mpu6500_basic.c:[m[K In function â€˜[01m[Kmpu6500_basic_read[m[Kâ€™:
[1.193s] [01m[K/RoboSub_2026/src/mpu6500_driver/example/driver_mpu6500_basic.c:647:9:[m[K [01;35m[Kwarning: [m[Kimplicit declaration of function â€˜[01m[Kmpu6500_read[m[Kâ€™; did you mean â€˜[01m[Kmpu6500_basic_read[m[Kâ€™? [[01;35m[K]8;;https://gcc.gnu.org/onlinedocs/gcc/Warning-Options.html#index-Wimplicit-function-declaration-Wimplicit-function-declaration]8;;[m[K]
[1.193s]   647 |     if ([01;35m[Kmpu6500_read[m[K(&gs_handle,
[1.193s]       |         [01;35m[K^~~~~~~~~~~~[m[K
[1.194s]       |         [32m[Kmpu6500_basic_read[m[K
[1.194s] [01m[K/RoboSub_2026/src/mpu6500_driver/example/driver_mpu6500_basic.c:[m[K In function â€˜[01m[Kmpu6500_basic_deinit[m[Kâ€™:
[1.194s] [01m[K/RoboSub_2026/src/mpu6500_driver/example/driver_mpu6500_basic.c:677:9:[m[K [01;35m[Kwarning: [m[Kimplicit declaration of function â€˜[01m[Kmpu6500_deinit[m[Kâ€™; did you mean â€˜[01m[Kmpu6500_basic_deinit[m[Kâ€™? [[01;35m[K]8;;https://gcc.gnu.org/onlinedocs/gcc/Warning-Options.html#index-Wimplicit-function-declaration-Wimplicit-function-declaration]8;;[m[K]
[1.194s]   677 |     if ([01;35m[Kmpu6500_deinit[m[K(&gs_handle) != 0)
[1.194s]       |         [01;35m[K^~~~~~~~~~~~~~[m[K
[1.194s]       |         [32m[Kmpu6500_basic_deinit[m[K
[1.200s] gmake[2]: *** [CMakeFiles/mpu6500_publisher.dir/build.make:118: CMakeFiles/mpu6500_publisher.dir/RoboSub_2026/src/mpu6500_driver/example/driver_mpu6500_basic.c.o] Error 1
[1.201s] gmake[2]: *** Waiting for unfinished jobs....
[6.304s] In file included from [01m[K/RoboSub_2026/src/mpu6500_ros/src/mpu6500_publisher.cpp:9[m[K:
[6.304s] [01m[K/RoboSub_2026/src/mpu6500_ros/../mpu6500_driver/example/driver_mpu6500_basic.h:96:28:[m[K [01;31m[Kerror: [m[Kâ€˜[01m[Kmpu6500_interface_t[m[Kâ€™ was not declared in this scope; did you mean â€˜[01m[Kmpu6500_interface_iic_init[m[Kâ€™?
[6.305s]    96 | uint8_t mpu6500_basic_init([01;31m[Kmpu6500_interface_t[m[K interface, mpu6500_address_t addr_pin);
[6.305s]       |                            [01;31m[K^~~~~~~~~~~~~~~~~~~[m[K
[6.305s]       |                            [32m[Kmpu6500_interface_iic_init[m[K
[6.317s] [01m[K/RoboSub_2026/src/mpu6500_ros/../mpu6500_driver/example/driver_mpu6500_basic.h:96:59:[m[K [01;31m[Kerror: [m[Kâ€˜[01m[Kmpu6500_address_t[m[Kâ€™ was not declared in this scope
[6.317s]    96 | uint8_t mpu6500_basic_init(mpu6500_interface_t interface, [01;31m[Kmpu6500_address_t[m[K addr_pin);
[6.317s]       |                                                           [01;31m[K^~~~~~~~~~~~~~~~~[m[K
[6.317s] [01m[K/RoboSub_2026/src/mpu6500_ros/../mpu6500_driver/example/driver_mpu6500_basic.h:96:85:[m[K [01;31m[Kerror: [m[Kexpression list treated as compound expression in initializer [[01;31m[K]8;;https://gcc.gnu.org/onlinedocs/gcc/Warning-Options.html#index-fpermissive-fpermissive]8;;[m[K]
[6.317s]    96 | int8_t mpu6500_basic_init(mpu6500_interface_t interface, mpu6500_address_t addr_pin[01;31m[K)[m[K;
[6.317s]       |                                                                                    [01;31m[K^[m[K
[6.317s] 
[6.380s] [01m[K/RoboSub_2026/src/mpu6500_ros/src/mpu6500_publisher.cpp:[m[K In member function â€˜[01m[Kint MPU6500Publisher::initialize_mpu6500()[m[Kâ€™:
[6.380s] [01m[K/RoboSub_2026/src/mpu6500_ros/src/mpu6500_publisher.cpp:64:44:[m[K [01;31m[Kerror: [m[Kâ€˜[01m[Kmpu6500_basic_init[m[Kâ€™ cannot be used as a function
[6.380s]    64 |         uint8_t result = [01;31m[Kmpu6500_basic_init(MPU6500_INTERFACE_IIC,[m[K
[6.381s]       |                          [01;31m[K~~~~~~~~~~~~~~~~~~^~~~~~~~~~~~~~~~~~~~~~~[m[K
[6.381s]    65 | [01;31m[K                                           static_cast<mpu6500_address_t>(i2c_address_))[m[K;
[6.381s]       |                                            [01;31m[K~~~~~~~~~~~~~~~~~~~~~~~~~~~~~~~~~~~~~~~~~~~~~[m[K
[6.384s] [01m[K/RoboSub_2026/src/mpu6500_ros/src/mpu6500_publisher.cpp:[m[K In member function â€˜[01m[Kvoid MPU6500Publisher::publish_imu_data(float*, float*, float, rclcpp::Time)[m[Kâ€™:
[6.384s] [01m[K/RoboSub_2026/src/mpu6500_ros/src/mpu6500_publisher.cpp:102:64:[m[K [01;35m[Kwarning: [m[Kunused parameter â€˜[01m[Ktemp[m[Kâ€™ [[01;35m[K]8;;https://gcc.gnu.org/onlinedocs/gcc/Warning-Options.html#index-Wunused-parameter-Wunused-parameter]8;;[m[K]
[6.384s]   102 |     void publish_imu_data(float accel[3], float gyro[3], [01;35m[Kfloat temp[m[K, rclcpp::Time timestamp)
[6.384s]       |                                                          [01;35m[K~~~~~~^~~~[m[K
[8.528s] gmake[2]: *** [CMakeFiles/mpu6500_publisher.dir/build.make:76: CMakeFiles/mpu6500_publisher.dir/src/mpu6500_publisher.cpp.o] Error 1
[8.529s] gmake[1]: *** [CMakeFiles/Makefile2:137: CMakeFiles/mpu6500_publisher.dir/all] Error 2
[8.530s] gmake: *** [Makefile:146: all] Error 2
[8.537s] Invoked command in '/RoboSub_2026/build/mpu6500_ros' returned '2': CMAKE_PREFIX_PATH=${CMAKE_PREFIX_PATH}:/opt/ros/humble /usr/bin/cmake --build /RoboSub_2026/build/mpu6500_ros -- -j6 -l6
