[35m[1mConsolidate compiler generated dependencies of target mpu6500_publisher[0m
[ 25%] [32mBuilding CXX object CMakeFiles/mpu6500_publisher.dir/src/mpu6500_publisher.cpp.o[0m
[01m[K/RoboSub_2026/src/mpu6500_ros/src/mpu6500_publisher.cpp:[m[K In function â€˜[01m[Kuint8_t mpu6500_interface_spi_read(uint8_t, uint8_t*, uint16_t)[m[Kâ€™:
[01m[K/RoboSub_2026/src/mpu6500_ros/src/mpu6500_publisher.cpp:20:48:[m[K [01;35m[Kwarning: [m[Kunused parameter â€˜[01m[Kreg[m[Kâ€™ [[01;35m[K]8;;https://gcc.gnu.org/onlinedocs/gcc/Warning-Options.html#index-Wunused-parameter-Wunused-parameter]8;;[m[K]
   20 |     uint8_t mpu6500_interface_spi_read([01;35m[Kuint8_t reg[m[K, uint8_t *buf, uint16_t len) { return 1; } // Always fail
      |                                        [01;35m[K~~~~~~~~^~~[m[K
[01m[K/RoboSub_2026/src/mpu6500_ros/src/mpu6500_publisher.cpp:20:62:[m[K [01;35m[Kwarning: [m[Kunused parameter â€˜[01m[Kbuf[m[Kâ€™ [[01;35m[K]8;;https://gcc.gnu.org/onlinedocs/gcc/Warning-Options.html#index-Wunused-parameter-Wunused-parameter]8;;[m[K]
   20 |     uint8_t mpu6500_interface_spi_read(uint8_t reg, [01;35m[Kuint8_t *buf[m[K, uint16_t len) { return 1; } // Always fail
      |                                                     [01;35m[K~~~~~~~~~^~~[m[K
[01m[K/RoboSub_2026/src/mpu6500_ros/src/mpu6500_publisher.cpp:20:76:[m[K [01;35m[Kwarning: [m[Kunused parameter â€˜[01m[Klen[m[Kâ€™ [[01;35m[K]8;;https://gcc.gnu.org/onlinedocs/gcc/Warning-Options.html#index-Wunused-parameter-Wunused-parameter]8;;[m[K]
   20 |     uint8_t mpu6500_interface_spi_read(uint8_t reg, uint8_t *buf, [01;35m[Kuint16_t len[m[K) { return 1; } // Always fail
      |                                                                   [01;35m[K~~~~~~~~~^~~[m[K
[01m[K/RoboSub_2026/src/mpu6500_ros/src/mpu6500_publisher.cpp:[m[K In function â€˜[01m[Kuint8_t mpu6500_interface_spi_write(uint8_t, uint8_t*, uint16_t)[m[Kâ€™:
[01m[K/RoboSub_2026/src/mpu6500_ros/src/mpu6500_publisher.cpp:21:49:[m[K [01;35m[Kwarning: [m[Kunused parameter â€˜[01m[Kreg[m[Kâ€™ [[01;35m[K]8;;https://gcc.gnu.org/onlinedocs/gcc/Warning-Options.html#index-Wunused-parameter-Wunused-parameter]8;;[m[K]
   21 |     uint8_t mpu6500_interface_spi_write([01;35m[Kuint8_t reg[m[K, uint8_t *buf, uint16_t len) { return 1; } // Always fail
      |                                         [01;35m[K~~~~~~~~^~~[m[K
[01m[K/RoboSub_2026/src/mpu6500_ros/src/mpu6500_publisher.cpp:21:63:[m[K [01;35m[Kwarning: [m[Kunused parameter â€˜[01m[Kbuf[m[Kâ€™ [[01;35m[K]8;;https://gcc.gnu.org/onlinedocs/gcc/Warning-Options.html#index-Wunused-parameter-Wunused-parameter]8;;[m[K]
   21 |     uint8_t mpu6500_interface_spi_write(uint8_t reg, [01;35m[Kuint8_t *buf[m[K, uint16_t len) { return 1; } // Always fail
      |                                                      [01;35m[K~~~~~~~~~^~~[m[K
[01m[K/RoboSub_2026/src/mpu6500_ros/src/mpu6500_publisher.cpp:21:77:[m[K [01;35m[Kwarning: [m[Kunused parameter â€˜[01m[Klen[m[Kâ€™ [[01;35m[K]8;;https://gcc.gnu.org/onlinedocs/gcc/Warning-Options.html#index-Wunused-parameter-Wunused-parameter]8;;[m[K]
   21 |     uint8_t mpu6500_interface_spi_write(uint8_t reg, uint8_t *buf, [01;35m[Kuint16_t len[m[K) { return 1; } // Always fail
      |                                                                    [01;35m[K~~~~~~~~~^~~[m[K
[01m[K/RoboSub_2026/src/mpu6500_ros/src/mpu6500_publisher.cpp:[m[K In member function â€˜[01m[Kint MPU6500Publisher::initialize_mpu6500()[m[Kâ€™:
[01m[K/RoboSub_2026/src/mpu6500_ros/src/mpu6500_publisher.cpp:140:41:[m[K [01;31m[Kerror: [m[Kâ€˜[01m[KMPU6500_CLOCK_PLL_GYRO_X_REFERENCE[m[Kâ€™ was not declared in this scope
  140 |         if (mpu6500_set_clock(&handle_, [01;31m[KMPU6500_CLOCK_PLL_GYRO_X_REFERENCE[m[K) != 0) {
      |                                         [01;31m[K^~~~~~~~~~~~~~~~~~~~~~~~~~~~~~~~~~[m[K
[01m[K/RoboSub_2026/src/mpu6500_ros/src/mpu6500_publisher.cpp:140:13:[m[K [01;31m[Kerror: [m[Kâ€˜[01m[Kmpu6500_set_clock[m[Kâ€™ was not declared in this scope; did you mean â€˜[01m[Kmpu6500_set_sleep[m[Kâ€™?
  140 |         if ([01;31m[Kmpu6500_set_clock[m[K(&handle_, MPU6500_CLOCK_PLL_GYRO_X_REFERENCE) != 0) {
      |             [01;31m[K^~~~~~~~~~~~~~~~~[m[K
      |             [32m[Kmpu6500_set_sleep[m[K
gmake[2]: *** [CMakeFiles/mpu6500_publisher.dir/build.make:76: CMakeFiles/mpu6500_publisher.dir/src/mpu6500_publisher.cpp.o] Error 1
gmake[1]: *** [CMakeFiles/Makefile2:137: CMakeFiles/mpu6500_publisher.dir/all] Error 2
gmake: *** [Makefile:146: all] Error 2
