[0.022s] Invoking command in '/RoboSub_2026/build/mpu6500_ros': CMAKE_PREFIX_PATH=${CMAKE_PREFIX_PATH}:/opt/ros/humble /usr/bin/cmake --build /RoboSub_2026/build/mpu6500_ros -- -j6 -l6
[0.108s] [35m[1mConsolidate compiler generated dependencies of target mpu6500_publisher[0m
[0.149s] [ 40%] [32mBuilding CXX object CMakeFiles/mpu6500_publisher.dir/src/mpu6500_publisher.cpp.o[0m
[0.149s] [ 40%] [32mBuilding C object CMakeFiles/mpu6500_publisher.dir/RoboSub_2026/src/mpu6500_driver/example/driver_mpu6500_basic.c.o[0m
[0.188s] In file included from [01m[K/RoboSub_2026/src/mpu6500_driver/example/driver_mpu6500_basic.c:37[m[K:
[0.188s] [01m[K/RoboSub_2026/src/mpu6500_driver/example/driver_mpu6500_basic.h:96:28:[m[K [01;31m[Kerror: [m[Kunknown type name â€˜[01m[Kmpu6500_interface_t[m[Kâ€™
[0.188s]    96 | uint8_t mpu6500_basic_init([01;31m[Kmpu6500_interface_t[m[K interface, mpu6500_address_t addr_pin);
[0.189s]       |                            [01;31m[K^~~~~~~~~~~~~~~~~~~[m[K
[0.189s] [01m[K/RoboSub_2026/src/mpu6500_driver/example/driver_mpu6500_basic.h:96:59:[m[K [01;31m[Kerror: [m[Kunknown type name â€˜[01m[Kmpu6500_address_t[m[Kâ€™
[0.189s]    96 | uint8_t mpu6500_basic_init(mpu6500_interface_t interface, [01;31m[Kmpu6500_address_t[m[K addr_pin);
[0.189s]       |                                                           [01;31m[K^~~~~~~~~~~~~~~~~[m[K
[0.189s] [01m[K/RoboSub_2026/src/mpu6500_driver/example/driver_mpu6500_basic.c:39:8:[m[K [01;31m[Kerror: [m[Kunknown type name â€˜[01m[Kmpu6500_handle_t[m[Kâ€™
[0.190s]    39 | static [01;31m[Kmpu6500_handle_t[m[K gs_handle;        /**< mpu6500 handle */
[0.190s]       |        [01;31m[K^~~~~~~~~~~~~~~~[m[K
[0.190s] [01m[K/RoboSub_2026/src/mpu6500_driver/example/driver_mpu6500_basic.c:50:28:[m[K [01;31m[Kerror: [m[Kunknown type name â€˜[01m[Kmpu6500_interface_t[m[Kâ€™
[0.191s]    50 | uint8_t mpu6500_basic_init([01;31m[Kmpu6500_interface_t[m[K interface, mpu6500_address_t addr_pin)
[0.191s]       |                            [01;31m[K^~~~~~~~~~~~~~~~~~~[m[K
[0.191s] [01m[K/RoboSub_2026/src/mpu6500_driver/example/driver_mpu6500_basic.c:50:59:[m[K [01;31m[Kerror: [m[Kunknown type name â€˜[01m[Kmpu6500_address_t[m[Kâ€™
[0.191s]    50 | uint8_t mpu6500_basic_init(mpu6500_interface_t interface, [01;31m[Kmpu6500_address_t[m[K addr_pin)
[0.191s]       |                                                           [01;31m[K^~~~~~~~~~~~~~~~~[m[K
[0.192s] [01m[K/RoboSub_2026/src/mpu6500_driver/example/driver_mpu6500_basic.c:[m[K In function â€˜[01m[Kmpu6500_basic_read_temperature[m[Kâ€™:
[0.192s] [01m[K/RoboSub_2026/src/mpu6500_driver/example/driver_mpu6500_basic.c:618:9:[m[K [01;35m[Kwarning: [m[Kimplicit declaration of function â€˜[01m[Kmpu6500_read_temperature[m[Kâ€™; did you mean â€˜[01m[Kmpu6500_basic_read_temperature[m[Kâ€™? [[01;35m[K]8;;https://gcc.gnu.org/onlinedocs/gcc/Warning-Options.html#index-Wimplicit-function-declaration-Wimplicit-function-declaration]8;;[m[K]
[0.192s]   618 |     if ([01;35m[Kmpu6500_read_temperature[m[K(&gs_handle, &raw, degrees) != 0)
[0.192s]       |         [01;35m[K^~~~~~~~~~~~~~~~~~~~~~~~[m[K
[0.192s]       |         [32m[Kmpu6500_basic_read_temperature[m[K
[0.192s] [01m[K/RoboSub_2026/src/mpu6500_driver/example/driver_mpu6500_basic.c:[m[K In function â€˜[01m[Kmpu6500_basic_read[m[Kâ€™:
[0.192s] [01m[K/RoboSub_2026/src/mpu6500_driver/example/driver_mpu6500_basic.c:647:9:[m[K [01;35m[Kwarning: [m[Kimplicit declaration of function â€˜[01m[Kmpu6500_read[m[Kâ€™; did you mean â€˜[01m[Kmpu6500_basic_read[m[Kâ€™? [[01;35m[K]8;;https://gcc.gnu.org/onlinedocs/gcc/Warning-Options.html#index-Wimplicit-function-declaration-Wimplicit-function-declaration]8;;[m[K]
[0.192s]   647 |     if ([01;35m[Kmpu6500_read[m[K(&gs_handle,
[0.193s]       |         [01;35m[K^~~~~~~~~~~~[m[K
[0.193s]       |         [32m[Kmpu6500_basic_read[m[K
[0.193s] [01m[K/RoboSub_2026/src/mpu6500_driver/example/driver_mpu6500_basic.c:[m[K In function â€˜[01m[Kmpu6500_basic_deinit[m[Kâ€™:
[0.193s] [01m[K/RoboSub_2026/src/mpu6500_driver/example/driver_mpu6500_basic.c:677:9:[m[K [01;35m[Kwarning: [m[Kimplicit declaration of function â€˜[01m[Kmpu6500_deinit[m[Kâ€™; did you mean â€˜[01m[Kmpu6500_basic_deinit[m[Kâ€™? [[01;35m[K]8;;https://gcc.gnu.org/onlinedocs/gcc/Warning-Options.html#index-Wimplicit-function-declaration-Wimplicit-function-declaration]8;;[m[K]
[0.193s]   677 |     if ([01;35m[Kmpu6500_deinit[m[K(&gs_handle) != 0)
[0.194s]       |         [01;35m[K^~~~~~~~~~~~~~[m[K
[0.194s]       |         [32m[Kmpu6500_basic_deinit[m[K
[0.196s] gmake[2]: *** [CMakeFiles/mpu6500_publisher.dir/build.make:118: CMakeFiles/mpu6500_publisher.dir/RoboSub_2026/src/mpu6500_driver/example/driver_mpu6500_basic.c.o] Error 1
[0.196s] gmake[2]: *** Waiting for unfinished jobs....
[5.427s] In file included from [01m[K/RoboSub_2026/src/mpu6500_ros/src/mpu6500_publisher.cpp:9[m[K:
[5.427s] [01m[K/RoboSub_2026/src/mpu6500_ros/../mpu6500_driver/example/driver_mpu6500_basic.h:96:28:[m[K [01;31m[Kerror: [m[Kâ€˜[01m[Kmpu6500_interface_t[m[Kâ€™ was not declared in this scope; did you mean â€˜[01m[Kmpu6500_interface_iic_init[m[Kâ€™?
[5.427s]    96 | uint8_t mpu6500_basic_init([01;31m[Kmpu6500_interface_t[m[K interface, mpu6500_address_t addr_pin);
[5.427s]       |                            [01;31m[K^~~~~~~~~~~~~~~~~~~[m[K
[5.428s]       |                            [32m[Kmpu6500_interface_iic_init[m[K
[5.439s] [01m[K/RoboSub_2026/src/mpu6500_ros/../mpu6500_driver/example/driver_mpu6500_basic.h:96:59:[m[K [01;31m[Kerror: [m[Kâ€˜[01m[Kmpu6500_address_t[m[Kâ€™ was not declared in this scope
[5.439s]    96 | uint8_t mpu6500_basic_init(mpu6500_interface_t interface, [01;31m[Kmpu6500_address_t[m[K addr_pin);
[5.439s]       |                                                           [01;31m[K^~~~~~~~~~~~~~~~~[m[K
[5.440s] [01m[K/RoboSub_2026/src/mpu6500_ros/../mpu6500_driver/example/driver_mpu6500_basic.h:96:85:[m[K [01;31m[Kerror: [m[Kexpression list treated as compound expression in initializer [[01;31m[K]8;;https://gcc.gnu.org/onlinedocs/gcc/Warning-Options.html#index-fpermissive-fpermissive]8;;[m[K]
[5.440s]    96 | int8_t mpu6500_basic_init(mpu6500_interface_t interface, mpu6500_address_t addr_pin[01;31m[K)[m[K;
[5.440s]       |                                                                                    [01;31m[K^[m[K
[5.440s] 
[5.504s] [01m[K/RoboSub_2026/src/mpu6500_ros/src/mpu6500_publisher.cpp:[m[K In member function â€˜[01m[Kint MPU6500Publisher::initialize_mpu6500()[m[Kâ€™:
[5.505s] [01m[K/RoboSub_2026/src/mpu6500_ros/src/mpu6500_publisher.cpp:64:44:[m[K [01;31m[Kerror: [m[Kâ€˜[01m[Kmpu6500_basic_init[m[Kâ€™ cannot be used as a function
[5.505s]    64 |         uint8_t result = [01;31m[Kmpu6500_basic_init(MPU6500_INTERFACE_IIC,[m[K
[5.505s]       |                          [01;31m[K~~~~~~~~~~~~~~~~~~^~~~~~~~~~~~~~~~~~~~~~~[m[K
[5.505s]    65 | [01;31m[K                                           static_cast<mpu6500_address_t>(i2c_address_))[m[K;
[5.505s]       |                                            [01;31m[K~~~~~~~~~~~~~~~~~~~~~~~~~~~~~~~~~~~~~~~~~~~~~[m[K
[5.508s] [01m[K/RoboSub_2026/src/mpu6500_ros/src/mpu6500_publisher.cpp:[m[K In member function â€˜[01m[Kvoid MPU6500Publisher::publish_imu_data(float*, float*, float, rclcpp::Time)[m[Kâ€™:
[5.508s] [01m[K/RoboSub_2026/src/mpu6500_ros/src/mpu6500_publisher.cpp:102:64:[m[K [01;35m[Kwarning: [m[Kunused parameter â€˜[01m[Ktemp[m[Kâ€™ [[01;35m[K]8;;https://gcc.gnu.org/onlinedocs/gcc/Warning-Options.html#index-Wunused-parameter-Wunused-parameter]8;;[m[K]
[5.508s]   102 |     void publish_imu_data(float accel[3], float gyro[3], [01;35m[Kfloat temp[m[K, rclcpp::Time timestamp)
[5.508s]       |                                                          [01;35m[K~~~~~~^~~~[m[K
[7.722s] gmake[2]: *** [CMakeFiles/mpu6500_publisher.dir/build.make:76: CMakeFiles/mpu6500_publisher.dir/src/mpu6500_publisher.cpp.o] Error 1
[7.723s] gmake[1]: *** [CMakeFiles/Makefile2:137: CMakeFiles/mpu6500_publisher.dir/all] Error 2
[7.724s] gmake: *** [Makefile:146: all] Error 2
[7.729s] Invoked command in '/RoboSub_2026/build/mpu6500_ros' returned '2': CMAKE_PREFIX_PATH=${CMAKE_PREFIX_PATH}:/opt/ros/humble /usr/bin/cmake --build /RoboSub_2026/build/mpu6500_ros -- -j6 -l6
