In file included from [01m[K/RoboSub_2026/src/mpu6500_driver/example/driver_mpu6500_dmp.c:37[m[K:
[01m[K/RoboSub_2026/src/mpu6500_driver/example/driver_mpu6500_dmp.h:40:10:[m[K [01;31m[Kfatal error: [m[Kdriver_mpu6500_interface.h: No such file or directory
   40 | #include [01;31m[K"driver_mpu6500_interface.h"[m[K
      |          [01;31m[K^~~~~~~~~~~~~~~~~~~~~~~~~~~~[m[K
In file included from [01m[K/RoboSub_2026/src/mpu6500_driver/example/driver_mpu6500_fifo.c:37[m[K:
[01m[K/RoboSub_2026/src/mpu6500_driver/example/driver_mpu6500_fifo.h:40:10:[m[K [01;31m[Kfatal error: [m[Kdriver_mpu6500_interface.h: No such file or directory
   40 | #include [01;31m[K"driver_mpu6500_interface.h"[m[K
      |          [01;31m[K^~~~~~~~~~~~~~~~~~~~~~~~~~~~[m[K
compilation terminated.
compilation terminated.
In file included from [01m[K/RoboSub_2026/src/mpu6500_driver/example/driver_mpu6500_basic.c:37[m[K:
[01m[K/RoboSub_2026/src/mpu6500_driver/example/driver_mpu6500_basic.h:40:10:[m[K [01;31m[Kfatal error: [m[Kdriver_mpu6500_interface.h: No such file or directory
   40 | #include [01;31m[K"driver_mpu6500_interface.h"[m[K
      |          [01;31m[K^~~~~~~~~~~~~~~~~~~~~~~~~~~~[m[K
compilation terminated.
gmake[2]: *** [CMakeFiles/mpu6500_publisher.dir/build.make:104: CMakeFiles/mpu6500_publisher.dir/RoboSub_2026/src/mpu6500_driver/example/driver_mpu6500_dmp.c.o] Error 1
gmake[2]: *** Waiting for unfinished jobs....
gmake[2]: *** [CMakeFiles/mpu6500_publisher.dir/build.make:90: CMakeFiles/mpu6500_publisher.dir/RoboSub_2026/src/mpu6500_driver/example/driver_mpu6500_basic.c.o] Error 1
gmake[2]: *** [CMakeFiles/mpu6500_publisher.dir/build.make:118: CMakeFiles/mpu6500_publisher.dir/RoboSub_2026/src/mpu6500_driver/example/driver_mpu6500_fifo.c.o] Error 1
[01m[K/RoboSub_2026/src/mpu6500_driver/src/driver_mpu6500_interface.c:1:10:[m[K [01;31m[Kfatal error: [m[Kdriver_mpu6500_interface.h: No such file or directory
    1 | #include [01;31m[K"driver_mpu6500_interface.h"[m[K
      |          [01;31m[K^~~~~~~~~~~~~~~~~~~~~~~~~~~~[m[K
compilation terminated.
gmake[2]: *** [CMakeFiles/mpu6500_publisher.dir/build.make:146: CMakeFiles/mpu6500_publisher.dir/RoboSub_2026/src/mpu6500_driver/src/driver_mpu6500_interface.c.o] Error 1
In file included from [01m[K/RoboSub_2026/src/mpu6500_ros/src/mpu6500_publisher.cpp:9[m[K:
[01m[K/RoboSub_2026/src/mpu6500_ros/../mpu6500_driver/example/driver_mpu6500_basic.h:40:10:[m[K [01;31m[Kfatal error: [m[Kdriver_mpu6500_interface.h: No such file or directory
   40 | #include [01;31m[K"driver_mpu6500_interface.h"[m[K
      |          [01;31m[K^~~~~~~~~~~~~~~~~~~~~~~~~~~~[m[K
compilation terminated.
gmake[2]: *** [CMakeFiles/mpu6500_publisher.dir/build.make:76: CMakeFiles/mpu6500_publisher.dir/src/mpu6500_publisher.cpp.o] Error 1
gmake[1]: *** [CMakeFiles/Makefile2:137: CMakeFiles/mpu6500_publisher.dir/all] Error 2
gmake: *** [Makefile:146: all] Error 2
