-- The C compiler identification is GNU 11.4.0
-- The CXX compiler identification is GNU 11.4.0
-- Detecting C compiler ABI info
-- Detecting C compiler ABI info - done
-- Check for working C compiler: /usr/bin/cc - skipped
-- Detecting C compile features
-- Detecting C compile features - done
-- Detecting CXX compiler ABI info
-- Detecting CXX compiler ABI info - done
-- Check for working CXX compiler: /usr/bin/c++ - skipped
-- Detecting CXX compile features
-- Detecting CXX compile features - done
-- Found ament_cmake: 1.3.11 (/opt/ros/humble/share/ament_cmake/cmake)
-- Found Python3: /usr/bin/python3 (found version "3.10.12") found components: Interpreter 
-- Found rclcpp: 16.0.12 (/opt/ros/humble/share/rclcpp/cmake)
-- Found rosidl_generator_c: 3.1.6 (/opt/ros/humble/share/rosidl_generator_c/cmake)
-- Found rosidl_adapter: 3.1.6 (/opt/ros/humble/share/rosidl_adapter/cmake)
-- Found rosidl_generator_cpp: 3.1.6 (/opt/ros/humble/share/rosidl_generator_cpp/cmake)
-- Using all available rosidl_typesupport_c: rosidl_typesupport_fastrtps_c;rosidl_typesupport_introspection_c
-- Using all available rosidl_typesupport_cpp: rosidl_typesupport_fastrtps_cpp;rosidl_typesupport_introspection_cpp
-- Found rmw_implementation_cmake: 6.1.2 (/opt/ros/humble/share/rmw_implementation_cmake/cmake)
-- Found rmw_fastrtps_cpp: 6.2.7 (/opt/ros/humble/share/rmw_fastrtps_cpp/cmake)
-- Found OpenSSL: /usr/lib/aarch64-linux-gnu/libcrypto.so (found version "3.0.2")  
-- Found FastRTPS: /opt/ros/humble/include  
-- Using RMW implementation 'rmw_fastrtps_cpp' as default
-- Looking for pthread.h
-- Looking for pthread.h - found
-- Performing Test CMAKE_HAVE_LIBC_PTHREAD
-- Performing Test CMAKE_HAVE_LIBC_PTHREAD - Success
-- Found Threads: TRUE  
-- Found sensor_msgs: 4.8.0 (/opt/ros/humble/share/sensor_msgs/cmake)
-- Configuring done
-- Generating done
-- Build files have been written to: /RoboSub_2026/build/mpu6500_ros
[ 28%] [32mBuilding C object CMakeFiles/mpu6500_publisher.dir/RoboSub_2026/src/mpu6500_driver/example/driver_mpu6500_fifo.c.o[0m
[ 28%] [32mBuilding CXX object CMakeFiles/mpu6500_publisher.dir/src/mpu6500_publisher.cpp.o[0m
[ 57%] [32mBuilding C object CMakeFiles/mpu6500_publisher.dir/RoboSub_2026/src/mpu6500_driver/example/driver_mpu6500_dmp.c.o[0m
[ 71%] [32mBuilding C object CMakeFiles/mpu6500_publisher.dir/RoboSub_2026/src/mpu6500_driver/src/driver_mpu6500.c.o[0m
[ 71%] [32mBuilding C object CMakeFiles/mpu6500_publisher.dir/RoboSub_2026/src/mpu6500_driver/example/driver_mpu6500_basic.c.o[0m
[ 85%] [32mBuilding C object CMakeFiles/mpu6500_publisher.dir/RoboSub_2026/src/mpu6500_driver/src/driver_mpu6500_interface.c.o[0m
In file included from [01m[K/RoboSub_2026/src/mpu6500_driver/example/driver_mpu6500_dmp.c:37[m[K:
[01m[K/RoboSub_2026/src/mpu6500_driver/example/driver_mpu6500_dmp.h:40:10:[m[K [01;31m[Kfatal error: [m[Kdriver_mpu6500_interface.h: No such file or directory
   40 | #include [01;31m[K"driver_mpu6500_interface.h"[m[K
      |          [01;31m[K^~~~~~~~~~~~~~~~~~~~~~~~~~~~[m[K
In file included from [01m[K/RoboSub_2026/src/mpu6500_driver/example/driver_mpu6500_fifo.c:37[m[K:
[01m[K/RoboSub_2026/src/mpu6500_driver/example/driver_mpu6500_fifo.h:40:10:[m[K [01;31m[Kfatal error: [m[Kdriver_mpu6500_interface.h: No such file or directory
   40 | #include [01;31m[K"driver_mpu6500_interface.h"[m[K
      |          [01;31m[K^~~~~~~~~~~~~~~~~~~~~~~~~~~~[m[K
compilation terminated.
compilation terminated.
In file included from [01m[K/RoboSub_2026/src/mpu6500_driver/example/driver_mpu6500_basic.c:37[m[K:
[01m[K/RoboSub_2026/src/mpu6500_driver/example/driver_mpu6500_basic.h:40:10:[m[K [01;31m[Kfatal error: [m[Kdriver_mpu6500_interface.h: No such file or directory
   40 | #include [01;31m[K"driver_mpu6500_interface.h"[m[K
      |          [01;31m[K^~~~~~~~~~~~~~~~~~~~~~~~~~~~[m[K
compilation terminated.
gmake[2]: *** [CMakeFiles/mpu6500_publisher.dir/build.make:104: CMakeFiles/mpu6500_publisher.dir/RoboSub_2026/src/mpu6500_driver/example/driver_mpu6500_dmp.c.o] Error 1
gmake[2]: *** Waiting for unfinished jobs....
gmake[2]: *** [CMakeFiles/mpu6500_publisher.dir/build.make:90: CMakeFiles/mpu6500_publisher.dir/RoboSub_2026/src/mpu6500_driver/example/driver_mpu6500_basic.c.o] Error 1
gmake[2]: *** [CMakeFiles/mpu6500_publisher.dir/build.make:118: CMakeFiles/mpu6500_publisher.dir/RoboSub_2026/src/mpu6500_driver/example/driver_mpu6500_fifo.c.o] Error 1
[01m[K/RoboSub_2026/src/mpu6500_driver/src/driver_mpu6500_interface.c:1:10:[m[K [01;31m[Kfatal error: [m[Kdriver_mpu6500_interface.h: No such file or directory
    1 | #include [01;31m[K"driver_mpu6500_interface.h"[m[K
      |          [01;31m[K^~~~~~~~~~~~~~~~~~~~~~~~~~~~[m[K
compilation terminated.
gmake[2]: *** [CMakeFiles/mpu6500_publisher.dir/build.make:146: CMakeFiles/mpu6500_publisher.dir/RoboSub_2026/src/mpu6500_driver/src/driver_mpu6500_interface.c.o] Error 1
In file included from [01m[K/RoboSub_2026/src/mpu6500_ros/src/mpu6500_publisher.cpp:9[m[K:
[01m[K/RoboSub_2026/src/mpu6500_ros/../mpu6500_driver/example/driver_mpu6500_basic.h:40:10:[m[K [01;31m[Kfatal error: [m[Kdriver_mpu6500_interface.h: No such file or directory
   40 | #include [01;31m[K"driver_mpu6500_interface.h"[m[K
      |          [01;31m[K^~~~~~~~~~~~~~~~~~~~~~~~~~~~[m[K
compilation terminated.
gmake[2]: *** [CMakeFiles/mpu6500_publisher.dir/build.make:76: CMakeFiles/mpu6500_publisher.dir/src/mpu6500_publisher.cpp.o] Error 1
gmake[1]: *** [CMakeFiles/Makefile2:137: CMakeFiles/mpu6500_publisher.dir/all] Error 2
gmake: *** [Makefile:146: all] Error 2
